<?xml version="1.0" encoding="UTF-8"?>
<!-- Generated by org.testng.reporters.JUnitReportReporter -->
<testsuite hostname="DESKTOP-QOQ0MIO" failures="0" tests="1" name="DhoifurTravels.TechdynoBdLTD.StandaloneTest" time="40.815" errors="0" timestamp="2024-01-25T15:51:23 BDT" skipped="0">
  <testcase classname="DhoifurTravels.TechdynoBdLTD.StandaloneTest" name="E2ETestCase" time="40.815"/>
</testsuite> <!-- DhoifurTravels.TechdynoBdLTD.StandaloneTest -->
