<?xml version="1.0" encoding="UTF-8"?>
<!-- Generated by org.testng.reporters.JUnitReportReporter -->
<testsuite hostname="DESKTOP-QOQ0MIO" failures="0" tests="1" name="DhoifurTravels.TechdynoBdLTD.End2EndTest" time="63.742" errors="0" timestamp="2024-01-25T16:12:58 BDT" skipped="0">
  <testcase classname="DhoifurTravels.TechdynoBdLTD.End2EndTest" name="E2ETestCase" time="63.742"/>
</testsuite> <!-- DhoifurTravels.TechdynoBdLTD.End2EndTest -->
